<?xml version="1.0" encoding="UTF-8"?>
<!-- Generated by org.testng.reporters.JUnitXMLReporter -->
<testsuite ignored="0" hostname="DESKTOP-GJG10KV" failures="0" tests="1" name="Test" time="39.641" errors="0" timestamp="2023-11-28T10:47:46 IST">
  <testcase classname="com.demo.BaseTest" name="@AfterClass closebrowser" time="0.969">
    <failure type="org.openqa.selenium.UnhandledAlertException" message="Dismissed user prompt dialog: Customer added successfully with customer id :6: 
Build info: version: &amp;apos;4.15.0&amp;apos;, revision: &amp;apos;1d14b5521b&amp;apos;
System info: os.name: &amp;apos;Windows 10&amp;apos;, os.arch: &amp;apos;amd64&amp;apos;, os.version: &amp;apos;10.0&amp;apos;, java.version: &amp;apos;17.0.8&amp;apos;
Driver info: org.openqa.selenium.firefox.FirefoxDriver
Command: [9780670f-7316-4c9f-a292-7aa18b01df6f, close {}]
Capabilities {acceptInsecureCerts: true, browserName: firefox, browserVersion: 120.0, moz:accessibilityChecks: false, moz:buildID: 20231116134553, moz:debuggerAddress: 127.0.0.1:15833, moz:geckodriverVersion: 0.33.0, moz:headless: false, moz:platformVersion: 10.0, moz:processID: 11496, moz:profile: C:\Users\ADMIN\AppData\Loca..., moz:shutdownTimeout: 60000, moz:webdriverClick: true, moz:windowless: false, pageLoadStrategy: normal, platformName: windows, proxy: Proxy(), se:cdp: ws://127.0.0.1:15833/devtoo..., se:cdpVersion: 85.0, setWindowRect: true, strictFileInteractability: false, timeouts: {implicit: 0, pageLoad: 300000, script: 30000}, unhandledPromptBehavior: dismiss and notify}
Session ID: 9780670f-7316-4c9f-a292-7aa18b01df6f">
      <![CDATA[org.openqa.selenium.UnhandledAlertException: Dismissed user prompt dialog: Customer added successfully with customer id :6: 
Build info: version: '4.15.0', revision: '1d14b5521b'
System info: os.name: 'Windows 10', os.arch: 'amd64', os.version: '10.0', java.version: '17.0.8'
Driver info: org.openqa.selenium.firefox.FirefoxDriver
Command: [9780670f-7316-4c9f-a292-7aa18b01df6f, close {}]
Capabilities {acceptInsecureCerts: true, browserName: firefox, browserVersion: 120.0, moz:accessibilityChecks: false, moz:buildID: 20231116134553, moz:debuggerAddress: 127.0.0.1:15833, moz:geckodriverVersion: 0.33.0, moz:headless: false, moz:platformVersion: 10.0, moz:processID: 11496, moz:profile: C:\Users\ADMIN\AppData\Loca..., moz:shutdownTimeout: 60000, moz:webdriverClick: true, moz:windowless: false, pageLoadStrategy: normal, platformName: windows, proxy: Proxy(), se:cdp: ws://127.0.0.1:15833/devtoo..., se:cdpVersion: 85.0, setWindowRect: true, strictFileInteractability: false, timeouts: {implicit: 0, pageLoad: 300000, script: 30000}, unhandledPromptBehavior: dismiss and notify}
Session ID: 9780670f-7316-4c9f-a292-7aa18b01df6f
at org.openqa.selenium.remote.codec.w3c.W3CHttpResponseCodec.decode(W3CHttpResponseCodec.java:131)
at org.openqa.selenium.remote.codec.w3c.W3CHttpResponseCodec.decode(W3CHttpResponseCodec.java:52)
at org.openqa.selenium.remote.HttpCommandExecutor.execute(HttpCommandExecutor.java:191)
at org.openqa.selenium.remote.service.DriverCommandExecutor.invokeExecute(DriverCommandExecutor.java:200)
at org.openqa.selenium.remote.service.DriverCommandExecutor.execute(DriverCommandExecutor.java:175)
at org.openqa.selenium.remote.RemoteWebDriver.execute(RemoteWebDriver.java:607)
at org.openqa.selenium.remote.RemoteWebDriver.execute(RemoteWebDriver.java:680)
at org.openqa.selenium.remote.RemoteWebDriver.execute(RemoteWebDriver.java:684)
at org.openqa.selenium.remote.RemoteWebDriver.close(RemoteWebDriver.java:414)
at com.demo.BaseTest.closebrowser(BaseTest.java:43)
at java.base/java.util.ArrayList.forEach(ArrayList.java:1511)
... Removed 26 stack frames]]>
    </failure>
  </testcase> <!-- @AfterClass closebrowser -->
  <testcase classname="com.demo.Test2" name="banklogin" time="3.723"/>
</testsuite> <!-- Test -->
